<?xml version="1.0" encoding="UTF-8"?>
<testng-results ignored="0" total="1" passed="1" failed="0" skipped="0">
  <reporter-output>
  </reporter-output>
  <suite started-at="2025-04-11T15:25:26 IST" name="Default suite" finished-at="2025-04-11T15:25:56 IST" duration-ms="29346">
    <groups>
    </groups>
    <test started-at="2025-04-11T15:25:26 IST" name="Default test" finished-at="2025-04-11T15:25:56 IST" duration-ms="29346">
      <class name="OrangeHRM.MainTest">
        <test-method is-config="true" signature="Setup()[pri:0, instance:OrangeHRM.MainTest@206a70ef]" started-at="2025-04-11T15:25:26 IST" name="Setup" finished-at="2025-04-11T15:25:29 IST" duration-ms="2923" status="PASS">
          <reporter-output>
          </reporter-output>
        </test-method> <!-- Setup -->
        <test-method signature="TestFeatures()[pri:0, instance:OrangeHRM.MainTest@206a70ef]" started-at="2025-04-11T15:25:29 IST" name="TestFeatures" finished-at="2025-04-11T15:25:56 IST" duration-ms="26341" status="PASS">
          <reporter-output>
          </reporter-output>
        </test-method> <!-- TestFeatures -->
      </class> <!-- OrangeHRM.MainTest -->
    </test> <!-- Default test -->
  </suite> <!-- Default suite -->
</testng-results>
